<?xml version="1.0" encoding="UTF-8"?>
<testsuite name="PingPongTest" tests="1" skipped="0" failures="0" errors="0" timestamp="2021-09-24T11:54:11" hostname="marvinandreassen" time="0.003">
  <properties/>
  <testcase name="runPingPong_countUpToOne_ArrayList" classname="PingPongTest" time="0.003"/>
  <system-out><![CDATA[]]></system-out>
  <system-err><![CDATA[]]></system-err>
</testsuite>
